<?xml version="1.0" encoding="UTF-8"?>
<testng-results skipped="0" failed="0" total="1" passed="1">
  <reporter-output>
  </reporter-output>
  <suite name="Default suite" duration-ms="124" started-at="2019-10-16T18:06:59Z" finished-at="2019-10-16T18:06:59Z">
    <groups>
    </groups>
    <test name="Default test" duration-ms="124" started-at="2019-10-16T18:06:59Z" finished-at="2019-10-16T18:06:59Z">
      <class name="Ads.BannerAds">
        <test-method status="PASS" signature="banner()[pri:0, instance:Ads.BannerAds@6a2bcfcb]" name="banner" duration-ms="115" started-at="2019-10-16T14:06:59Z" finished-at="2019-10-16T14:06:59Z">
          <reporter-output>
          </reporter-output>
        </test-method> <!-- banner -->
      </class> <!-- Ads.BannerAds -->
    </test> <!-- Default test -->
  </suite> <!-- Default suite -->
</testng-results>
